<?xml version="1.0" encoding="UTF-8"?>
<!-- Generated by org.testng.reporters.JUnitReportReporter -->
<testsuite hostname="SarthakThinkpad" failures="0" tests="4" name="com.tn.qa.testcases.RegisterTest" time="38.541" errors="0" timestamp="2023-05-28T10:24:59 GMT-04:00" skipped="0">
  <testcase classname="com.tn.qa.testcases.RegisterTest" name="registerAccountWithMandatoryFields" time="8.660"/>
  <system-out/>
  <testcase classname="com.tn.qa.testcases.RegisterTest" name="registerAccountWithAllFields" time="15.718"/>
  <system-out/>
  <testcase classname="com.tn.qa.testcases.RegisterTest" name="registerAccountWithExistingEmail" time="7.354"/>
  <system-out/>
  <testcase classname="com.tn.qa.testcases.RegisterTest" name="registerAccountWithoutFillingAnyFields" time="6.809"/>
  <system-out/>
</testsuite> <!-- com.tn.qa.testcases.RegisterTest -->
