<?xml version="1.0" encoding="UTF-8"?>
<!-- Generated by org.testng.reporters.JUnitReportReporter -->
<testsuite hostname="SarthakThinkpad" failures="0" tests="4" name="com.tn.qa.testcases.RegisterTest" time="32.661" errors="0" timestamp="2023-05-28T10:28:38 GMT-04:00" skipped="0">
  <testcase classname="com.tn.qa.testcases.RegisterTest" name="registerAccountWithMandatoryFields" time="8.559"/>
  <system-out/>
  <testcase classname="com.tn.qa.testcases.RegisterTest" name="registerAccountWithAllFields" time="7.364"/>
  <system-out/>
  <testcase classname="com.tn.qa.testcases.RegisterTest" name="registerAccountWithExistingEmail" time="7.011"/>
  <system-out/>
  <testcase classname="com.tn.qa.testcases.RegisterTest" name="registerAccountWithoutFillingAnyFields" time="9.727"/>
  <system-out/>
</testsuite> <!-- com.tn.qa.testcases.RegisterTest -->
