<?xml version="1.0" encoding="UTF-8"?>
<!-- Generated by org.testng.reporters.JUnitReportReporter -->
<testsuite hostname="SarthakThinkpad" failures="0" tests="5" name="com.tn.qa.testcases.LoginTest" time="24.097" errors="0" timestamp="2023-05-28T10:28:38 GMT-04:00" skipped="1">
  <testcase classname="com.tn.qa.testcases.LoginTest" name="verifyLoginWithInvalidCredentials" time="5.907"/>
  <system-out/>
  <testcase classname="com.tn.qa.testcases.LoginTest" name="verifyLoginWithValidUsernameInvalidPassword" time="6.264"/>
  <system-out/>
  <testcase classname="com.tn.qa.testcases.LoginTest" name="verifyLoginWithInvalidUsernameValidPassword" time="6.035"/>
  <system-out/>
  <testcase classname="com.tn.qa.testcases.LoginTest" name="verifyLoginWithNoCredentials" time="5.891"/>
  <system-out/>
  <testcase classname="com.tn.qa.testcases.LoginTest" name="verifyLoginWithValidCredentials">
    <skipped/>
  </testcase> <!-- verifyLoginWithValidCredentials -->
  <system-out/>
</testsuite> <!-- com.tn.qa.testcases.LoginTest -->
